<?xml version="1.0" encoding="UTF-8"?>
<!-- Generated by org.testng.reporters.JUnitReportReporter -->
<testsuite hostname="DESKTOP-H0I39BA" failures="0" tests="3" name="SecondProject.MySecondProject" time="4.701" errors="0" timestamp="2024-12-31T23:43:56 EET" skipped="0">
  <testcase classname="SecondProject.MySecondProject" name="Login" time="0.364"/>
  <system-out/>
  <testcase classname="SecondProject.MySecondProject" name="AddToCart" time="2.174"/>
  <system-out/>
  <testcase classname="SecondProject.MySecondProject" name="RemoveFromCart" time="2.163"/>
  <system-out/>
</testsuite> <!-- SecondProject.MySecondProject -->
