<?xml version="1.0" encoding="UTF-8"?>
<!-- Generated by org.testng.reporters.JUnitReportReporter -->
<testsuite hostname="DESKTOP-H0I39BA" failures="0" tests="3" name="SecondProject.ProblemUser" time="4.715" errors="0" timestamp="2025-01-01T22:06:55 EET" skipped="0">
  <testcase classname="SecondProject.ProblemUser" name="Login" time="0.389"/>
  <system-out/>
  <testcase classname="SecondProject.ProblemUser" name="AddToCart" time="2.206"/>
  <system-out/>
  <testcase classname="SecondProject.ProblemUser" name="RemoveFromCart" time="2.120"/>
  <system-out/>
</testsuite> <!-- SecondProject.ProblemUser -->
