<?xml version="1.0" encoding="UTF-8"?>
<!-- Generated by org.testng.reporters.JUnitReportReporter -->
<testsuite hostname="DESKTOP-H0I39BA" failures="0" tests="10" name="SecondProject.StandardUser" time="41.017" errors="0" timestamp="2025-01-08T19:48:53 EET" skipped="5">
  <testcase classname="SecondProject.StandardUser" name="Login" time="6.412"/>
  <system-out/>
  <testcase classname="SecondProject.StandardUser" name="AddToCart" time="9.198"/>
  <system-out/>
  <testcase classname="SecondProject.StandardUser" name="RemoveFromCart" time="8.417"/>
  <system-out/>
  <testcase classname="SecondProject.StandardUser" name="AddAllToCart" time="2.322"/>
  <system-out/>
  <testcase classname="SecondProject.StandardUser" name="ChekoutProcess" time="14.668"/>
  <system-out/>
  <testcase classname="SecondProject.StandardUser" name="AddItemsThatStartWithSause">
    <skipped/>
  </testcase> <!-- AddItemsThatStartWithSause -->
  <system-out/>
  <testcase classname="SecondProject.StandardUser" name="AddItemsThatStartWithOutSause">
    <skipped/>
  </testcase> <!-- AddItemsThatStartWithOutSause -->
  <system-out/>
  <testcase classname="SecondProject.StandardUser" name="AddCertainNumberOfItems">
    <skipped/>
  </testcase> <!-- AddCertainNumberOfItems -->
  <system-out/>
  <testcase classname="SecondProject.StandardUser" name="AddRightItemsToCart">
    <skipped/>
  </testcase> <!-- AddRightItemsToCart -->
  <system-out/>
  <testcase classname="SecondProject.StandardUser" name="AddRandomItem">
    <skipped/>
  </testcase> <!-- AddRandomItem -->
  <system-out/>
</testsuite> <!-- SecondProject.StandardUser -->
